<?xml version="1.0" encoding="UTF-8"?>
<testng-results ignored="0" total="1" passed="1" failed="0" skipped="0">
  <reporter-output>
  </reporter-output>
  <suite started-at="2022-09-10T23:40:29 EET" name="Default Suite" finished-at="2022-09-10T23:40:54 EET" duration-ms="25133">
    <groups>
    </groups>
    <test started-at="2022-09-10T23:40:29 EET" name="OrangeAsignment" finished-at="2022-09-10T23:40:54 EET" duration-ms="25133">
      <class name="testpackage.TestClass">
        <test-method is-config="true" signature="beforeClass()[pri:0, instance:testpackage.TestClass@e350b40]" started-at="2022-09-10T23:40:29 EET" name="beforeClass" finished-at="2022-09-10T23:40:29 EET" duration-ms="263" status="PASS">
          <reporter-output>
          </reporter-output>
        </test-method> <!-- beforeClass -->
        <test-method is-config="true" signature="beforeMethod()[pri:0, instance:testpackage.TestClass@e350b40]" started-at="2022-09-10T23:40:29 EET" name="beforeMethod" finished-at="2022-09-10T23:40:35 EET" duration-ms="6166" status="PASS">
          <reporter-output>
          </reporter-output>
        </test-method> <!-- beforeMethod -->
        <test-method signature="addProductToCart()[pri:0, instance:testpackage.TestClass@e350b40]" started-at="2022-09-10T23:40:35 EET" name="addProductToCart" description="Search for a mobile then add to cart then delete it from the cart" finished-at="2022-09-10T23:40:54 EET" duration-ms="18571" status="PASS">
          <reporter-output>
          </reporter-output>
        </test-method> <!-- addProductToCart -->
        <test-method is-config="true" signature="afterMethod()[pri:0, instance:testpackage.TestClass@e350b40]" started-at="2022-09-10T23:40:54 EET" name="afterMethod" finished-at="2022-09-10T23:40:54 EET" duration-ms="111" status="PASS">
          <reporter-output>
          </reporter-output>
        </test-method> <!-- afterMethod -->
      </class> <!-- testpackage.TestClass -->
    </test> <!-- OrangeAsignment -->
  </suite> <!-- Default Suite -->
</testng-results>
